Start testing: Dec 19 14:19 MSK
----------------------------------------------------------
1/4 Testing: TypesTest.ToString
1/4 Test: TypesTest.ToString
Command: "/home/kavorgi/Documents/MAI/oop/MAI_LABS_OOP/7_var_11/build/tests" "--gtest_filter=TypesTest.ToString" "--gtest_also_run_disabled_tests"
Directory: /home/kavorgi/Documents/MAI/oop/MAI_LABS_OOP/7_var_11/build
"TypesTest.ToString" start time: Dec 19 14:19 MSK
Output:
----------------------------------------------------------
Running main() from ./googletest/src/gtest_main.cc
Note: Google Test filter = TypesTest.ToString
[==========] Running 1 test from 1 test suite.
[----------] Global test environment set-up.
[----------] 1 test from TypesTest
[ RUN      ] TypesTest.ToString
[       OK ] TypesTest.ToString (0 ms)
[----------] 1 test from TypesTest (0 ms total)

[----------] Global test environment tear-down
[==========] 1 test from 1 test suite ran. (0 ms total)
[  PASSED  ] 1 test.
<end of output>
Test time =   0.00 sec
----------------------------------------------------------
Test Passed.
"TypesTest.ToString" end time: Dec 19 14:19 MSK
"TypesTest.ToString" time elapsed: 00:00:00
----------------------------------------------------------

2/4 Testing: TypesTest.ParseTypeValid
2/4 Test: TypesTest.ParseTypeValid
Command: "/home/kavorgi/Documents/MAI/oop/MAI_LABS_OOP/7_var_11/build/tests" "--gtest_filter=TypesTest.ParseTypeValid" "--gtest_also_run_disabled_tests"
Directory: /home/kavorgi/Documents/MAI/oop/MAI_LABS_OOP/7_var_11/build
"TypesTest.ParseTypeValid" start time: Dec 19 14:19 MSK
Output:
----------------------------------------------------------
Running main() from ./googletest/src/gtest_main.cc
Note: Google Test filter = TypesTest.ParseTypeValid
[==========] Running 1 test from 1 test suite.
[----------] Global test environment set-up.
[----------] 1 test from TypesTest
[ RUN      ] TypesTest.ParseTypeValid
[       OK ] TypesTest.ParseTypeValid (0 ms)
[----------] 1 test from TypesTest (0 ms total)

[----------] Global test environment tear-down
[==========] 1 test from 1 test suite ran. (0 ms total)
[  PASSED  ] 1 test.
<end of output>
Test time =   0.01 sec
----------------------------------------------------------
Test Passed.
"TypesTest.ParseTypeValid" end time: Dec 19 14:19 MSK
"TypesTest.ParseTypeValid" time elapsed: 00:00:00
----------------------------------------------------------

3/4 Testing: TypesTest.ParseTypeInvalid
3/4 Test: TypesTest.ParseTypeInvalid
Command: "/home/kavorgi/Documents/MAI/oop/MAI_LABS_OOP/7_var_11/build/tests" "--gtest_filter=TypesTest.ParseTypeInvalid" "--gtest_also_run_disabled_tests"
Directory: /home/kavorgi/Documents/MAI/oop/MAI_LABS_OOP/7_var_11/build
"TypesTest.ParseTypeInvalid" start time: Dec 19 14:19 MSK
Output:
----------------------------------------------------------
Running main() from ./googletest/src/gtest_main.cc
Note: Google Test filter = TypesTest.ParseTypeInvalid
[==========] Running 1 test from 1 test suite.
[----------] Global test environment set-up.
[----------] 1 test from TypesTest
[ RUN      ] TypesTest.ParseTypeInvalid
[       OK ] TypesTest.ParseTypeInvalid (0 ms)
[----------] 1 test from TypesTest (0 ms total)

[----------] Global test environment tear-down
[==========] 1 test from 1 test suite ran. (0 ms total)
[  PASSED  ] 1 test.
<end of output>
Test time =   0.00 sec
----------------------------------------------------------
Test Passed.
"TypesTest.ParseTypeInvalid" end time: Dec 19 14:19 MSK
"TypesTest.ParseTypeInvalid" time elapsed: 00:00:00
----------------------------------------------------------

4/4 Testing: FactoryTest.CreateTypes
4/4 Test: FactoryTest.CreateTypes
Command: "/home/kavorgi/Documents/MAI/oop/MAI_LABS_OOP/7_var_11/build/tests" "--gtest_filter=FactoryTest.CreateTypes" "--gtest_also_run_disabled_tests"
Directory: /home/kavorgi/Documents/MAI/oop/MAI_LABS_OOP/7_var_11/build
"FactoryTest.CreateTypes" start time: Dec 19 14:19 MSK
Output:
----------------------------------------------------------
Running main() from ./googletest/src/gtest_main.cc
Note: Google Test filter = FactoryTest.CreateTypes
[==========] Running 1 test from 1 test suite.
[----------] Global test environment set-up.
[----------] 1 test from FactoryTest
[ RUN      ] FactoryTest.CreateTypes
[       OK ] FactoryTest.CreateTypes (0 ms)
[----------] 1 test from FactoryTest (0 ms total)

[----------] Global test environment tear-down
[==========] 1 test from 1 test suite ran. (0 ms total)
[  PASSED  ] 1 test.
<end of output>
Test time =   0.00 sec
----------------------------------------------------------
Test Passed.
"FactoryTest.CreateTypes" end time: Dec 19 14:19 MSK
"FactoryTest.CreateTypes" time elapsed: 00:00:00
----------------------------------------------------------

End testing: Dec 19 14:19 MSK
